<?xml version="1.0" encoding="UTF-8"?>
<coverage generated="1521785592485" clover="3.2.0">
  <project timestamp="1521785592485" name="All files">
    <metrics statements="179" coveredstatements="174" conditionals="50" coveredconditionals="39" methods="84" coveredmethods="78" elements="313" coveredelements="291" complexity="0" loc="179" ncloc="179" packages="4" files="7" classes="7">
      <package name="mainpage.view">
        <metrics statements="104" coveredstatements="104" conditionals="26" coveredconditionals="20" methods="45" coveredmethods="44"/>
        <file name="slideView.js" path="C:\Users\Tim\Documents\javascript-reservation\src\mainpage\view\slideView.js">
          <metrics statements="51" coveredstatements="51" conditionals="12" coveredconditionals="9" methods="21" coveredmethods="20"/>
          <line num="6" count="1" type="stmt"/>
          <line num="7" count="1" type="stmt"/>
          <line num="8" count="1" type="stmt"/>
          <line num="10" count="1" type="stmt"/>
          <line num="25" count="1" type="stmt"/>
          <line num="29" count="1" type="stmt"/>
          <line num="31" count="1" type="stmt"/>
          <line num="34" count="1" type="stmt"/>
          <line num="35" count="1" type="stmt"/>
          <line num="36" count="1" type="stmt"/>
          <line num="40" count="1" type="stmt"/>
          <line num="44" count="1" type="cond" truecount="1" falsecount="1"/>
          <line num="50" count="1" type="stmt"/>
          <line num="51" count="1" type="stmt"/>
          <line num="52" count="1" type="stmt"/>
          <line num="53" count="1" type="stmt"/>
          <line num="54" count="1" type="stmt"/>
          <line num="55" count="1" type="stmt"/>
          <line num="56" count="1" type="stmt"/>
          <line num="57" count="1" type="stmt"/>
          <line num="59" count="1" type="stmt"/>
          <line num="60" count="1" type="cond" truecount="1" falsecount="1"/>
          <line num="61" count="1" type="stmt"/>
          <line num="65" count="1" type="cond" truecount="1" falsecount="1"/>
          <line num="68" count="1" type="stmt"/>
          <line num="69" count="1" type="stmt"/>
          <line num="70" count="1" type="cond" truecount="2" falsecount="0"/>
          <line num="78" count="4" type="stmt"/>
          <line num="79" count="1" type="stmt"/>
          <line num="83" count="2" type="stmt"/>
          <line num="84" count="2" type="stmt"/>
          <line num="85" count="2" type="stmt"/>
          <line num="86" count="2" type="stmt"/>
          <line num="87" count="2" type="stmt"/>
          <line num="91" count="1" type="stmt"/>
          <line num="92" count="1" type="stmt"/>
          <line num="96" count="2" type="stmt"/>
          <line num="97" count="2" type="stmt"/>
          <line num="99" count="2" type="stmt"/>
          <line num="100" count="2" type="stmt"/>
          <line num="101" count="2" type="stmt"/>
          <line num="105" count="4" type="stmt"/>
          <line num="106" count="4" type="cond" truecount="2" falsecount="0"/>
          <line num="107" count="4" type="stmt"/>
          <line num="108" count="1" type="stmt"/>
          <line num="112" count="1" type="stmt"/>
          <line num="113" count="1" type="stmt"/>
          <line num="117" count="2" type="cond" truecount="2" falsecount="0"/>
          <line num="118" count="2" type="stmt"/>
          <line num="119" count="2" type="stmt"/>
          <line num="120" count="2" type="stmt"/>
        </file>
        <file name="tabView.js" path="C:\Users\Tim\Documents\javascript-reservation\src\mainpage\view\tabView.js">
          <metrics statements="53" coveredstatements="53" conditionals="14" coveredconditionals="11" methods="24" coveredmethods="24"/>
          <line num="5" count="5" type="stmt"/>
          <line num="6" count="5" type="stmt"/>
          <line num="7" count="5" type="stmt"/>
          <line num="8" count="5" type="stmt"/>
          <line num="9" count="5" type="stmt"/>
          <line num="14" count="5" type="stmt"/>
          <line num="18" count="5" type="stmt"/>
          <line num="20" count="5" type="stmt"/>
          <line num="23" count="5" type="stmt"/>
          <line num="29" count="10" type="stmt"/>
          <line num="30" count="5" type="stmt"/>
          <line num="34" count="5" type="stmt"/>
          <line num="36" count="5" type="stmt"/>
          <line num="40" count="5" type="stmt"/>
          <line num="41" count="5" type="stmt"/>
          <line num="45" count="5" type="stmt"/>
          <line num="50" count="6" type="stmt"/>
          <line num="54" count="6" type="stmt"/>
          <line num="58" count="6" type="stmt"/>
          <line num="59" count="30" type="cond" truecount="2" falsecount="0"/>
          <line num="61" count="6" type="stmt"/>
          <line num="65" count="6" type="stmt"/>
          <line num="66" count="30" type="cond" truecount="2" falsecount="0"/>
          <line num="68" count="6" type="stmt"/>
          <line num="72" count="6" type="stmt"/>
          <line num="73" count="6" type="cond" truecount="1" falsecount="1"/>
          <line num="74" count="6" type="stmt"/>
          <line num="76" count="6" type="stmt"/>
          <line num="80" count="6" type="stmt"/>
          <line num="81" count="6" type="stmt"/>
          <line num="82" count="53" type="stmt"/>
          <line num="83" count="53" type="stmt"/>
          <line num="85" count="6" type="stmt"/>
          <line num="89" count="6" type="stmt"/>
          <line num="90" count="6" type="stmt"/>
          <line num="91" count="6" type="stmt"/>
          <line num="95" count="7" type="stmt"/>
          <line num="96" count="7" type="stmt"/>
          <line num="97" count="7" type="stmt"/>
          <line num="98" count="7" type="cond" truecount="2" falsecount="0"/>
          <line num="99" count="27" type="stmt"/>
          <line num="101" count="7" type="cond" truecount="2" falsecount="0"/>
          <line num="103" count="7" type="stmt"/>
          <line num="108" count="1" type="stmt"/>
          <line num="109" count="1" type="cond" truecount="1" falsecount="1"/>
          <line num="110" count="10" type="stmt"/>
          <line num="112" count="1" type="stmt"/>
          <line num="116" count="5" type="stmt"/>
          <line num="117" count="5" type="cond" truecount="1" falsecount="1"/>
          <line num="118" count="5" type="stmt"/>
          <line num="120" count="5" type="stmt"/>
          <line num="124" count="2" type="stmt"/>
          <line num="125" count="2" type="stmt"/>
        </file>
      </package>
      <package name="reserve.models">
        <metrics statements="6" coveredstatements="3" conditionals="0" coveredconditionals="0" methods="2" coveredmethods="1"/>
        <file name="ticketModel.js" path="C:\Users\Tim\Documents\javascript-reservation\src\reserve\models\ticketModel.js">
          <metrics statements="6" coveredstatements="3" conditionals="0" coveredconditionals="0" methods="2" coveredmethods="1"/>
          <line num="26" count="1" type="stmt"/>
          <line num="30" count="1" type="stmt"/>
          <line num="32" count="4" type="stmt"/>
          <line num="36" count="0" type="stmt"/>
          <line num="38" count="0" type="stmt"/>
          <line num="39" count="0" type="stmt"/>
        </file>
      </package>
      <package name="reserve.view">
        <metrics statements="52" coveredstatements="50" conditionals="18" coveredconditionals="15" methods="28" coveredmethods="24"/>
        <file name="agreementView.js" path="C:\Users\Tim\Documents\javascript-reservation\src\reserve\view\agreementView.js">
          <metrics statements="32" coveredstatements="30" conditionals="10" coveredconditionals="7" methods="18" coveredmethods="14"/>
          <line num="6" count="1" type="stmt"/>
          <line num="7" count="1" type="stmt"/>
          <line num="8" count="1" type="stmt"/>
          <line num="9" count="1" type="stmt"/>
          <line num="10" count="1" type="stmt"/>
          <line num="11" count="1" type="stmt"/>
          <line num="12" count="1" type="stmt"/>
          <line num="13" count="1" type="stmt"/>
          <line num="17" count="1" type="stmt"/>
          <line num="19" count="1" type="stmt"/>
          <line num="20" count="1" type="stmt"/>
          <line num="21" count="1" type="stmt"/>
          <line num="22" count="1" type="cond" truecount="1" falsecount="1"/>
          <line num="23" count="0" type="stmt"/>
          <line num="25" count="1" type="stmt"/>
          <line num="30" count="1" type="stmt"/>
          <line num="34" count="0" type="stmt"/>
          <line num="39" count="1" type="stmt"/>
          <line num="44" count="1" type="stmt"/>
          <line num="49" count="1" type="stmt"/>
          <line num="54" count="1" type="stmt"/>
          <line num="60" count="6" type="stmt"/>
          <line num="61" count="1" type="stmt"/>
          <line num="65" count="1" type="stmt"/>
          <line num="69" count="2" type="cond" truecount="2" falsecount="0"/>
          <line num="70" count="1" type="stmt"/>
          <line num="71" count="1" type="cond" truecount="1" falsecount="1"/>
          <line num="72" count="1" type="stmt"/>
          <line num="77" count="2" type="cond" truecount="2" falsecount="0"/>
          <line num="78" count="1" type="stmt"/>
          <line num="79" count="1" type="cond" truecount="1" falsecount="1"/>
          <line num="80" count="1" type="stmt"/>
        </file>
        <file name="bookingTicketView.js" path="C:\Users\Tim\Documents\javascript-reservation\src\reserve\view\bookingTicketView.js">
          <metrics statements="17" coveredstatements="17" conditionals="8" coveredconditionals="8" methods="7" coveredmethods="7"/>
          <line num="5" count="1" type="stmt"/>
          <line num="6" count="1" type="stmt"/>
          <line num="7" count="1" type="stmt"/>
          <line num="11" count="1" type="stmt"/>
          <line num="13" count="1" type="stmt"/>
          <line num="14" count="1" type="stmt"/>
          <line num="15" count="1" type="cond" truecount="2" falsecount="0"/>
          <line num="23" count="1" type="stmt"/>
          <line num="24" count="1" type="stmt"/>
          <line num="28" count="1" type="stmt"/>
          <line num="29" count="4" type="stmt"/>
          <line num="30" count="4" type="stmt"/>
          <line num="31" count="4" type="cond" truecount="2" falsecount="0"/>
          <line num="32" count="4" type="cond" truecount="2" falsecount="0"/>
          <line num="33" count="4" type="cond" truecount="2" falsecount="0"/>
          <line num="34" count="4" type="stmt"/>
          <line num="36" count="1" type="stmt"/>
        </file>
        <file name="reserveButtonView.js" path="C:\Users\Tim\Documents\javascript-reservation\src\reserve\view\reserveButtonView.js">
          <metrics statements="3" coveredstatements="3" conditionals="0" coveredconditionals="0" methods="3" coveredmethods="3"/>
          <line num="5" count="1" type="stmt"/>
          <line num="9" count="1" type="stmt"/>
          <line num="14" count="1" type="stmt"/>
        </file>
      </package>
      <package name="shared">
        <metrics statements="17" coveredstatements="17" conditionals="6" coveredconditionals="4" methods="9" coveredmethods="9"/>
        <file name="View.js" path="C:\Users\Tim\Documents\javascript-reservation\src\shared\View.js">
          <metrics statements="17" coveredstatements="17" conditionals="6" coveredconditionals="4" methods="9" coveredmethods="9"/>
          <line num="3" count="9" type="cond" truecount="1" falsecount="1"/>
          <line num="4" count="9" type="stmt"/>
          <line num="5" count="9" type="stmt"/>
          <line num="9" count="26" type="stmt"/>
          <line num="13" count="20" type="stmt"/>
          <line num="17" count="23" type="stmt"/>
          <line num="18" count="23" type="stmt"/>
          <line num="22" count="13" type="stmt"/>
          <line num="23" count="8" type="stmt"/>
          <line num="24" count="8" type="cond" truecount="2" falsecount="0"/>
          <line num="26" count="13" type="stmt"/>
          <line num="27" count="13" type="stmt"/>
          <line num="31" count="6" type="stmt"/>
          <line num="34" count="6" type="stmt"/>
          <line num="35" count="6" type="stmt"/>
          <line num="39" count="57" type="stmt"/>
          <line num="40" count="346" type="cond" truecount="1" falsecount="1"/>
        </file>
      </package>
    </metrics>
  </project>
</coverage>
