{"C:\\Users\\Tim\\Documents\\javascript-reservation\\src\\mainpage\\view\\slideView.js": {"path":"C:\\Users\\Tim\\Documents\\javascript-reservation\\src\\mainpage\\view\\slideView.js","statementMap":{"0":{"start":{"line":6,"column":8},"end":{"line":6,"column":18}},"1":{"start":{"line":7,"column":8},"end":{"line":7,"column":50}},"2":{"start":{"line":8,"column":8},"end":{"line":8,"column":26}},"3":{"start":{"line":10,"column":8},"end":{"line":24,"column":10}},"4":{"start":{"line":25,"column":8},"end":{"line":25,"column":29}},"5":{"start":{"line":29,"column":23},"end":{"line":76,"column":9}},"6":{"start":{"line":31,"column":16},"end":{"line":31,"column":88}},"7":{"start":{"line":31,"column":47},"end":{"line":31,"column":86}},"8":{"start":{"line":34,"column":16},"end":{"line":41,"column":26}},"9":{"start":{"line":35,"column":20},"end":{"line":35,"column":39}},"10":{"start":{"line":36,"column":20},"end":{"line":39,"column":23}},"11":{"start":{"line":40,"column":20},"end":{"line":40,"column":38}},"12":{"start":{"line":44,"column":16},"end":{"line":47,"column":46}},"13":{"start":{"line":44,"column":34},"end":{"line":47,"column":18}},"14":{"start":{"line":50,"column":16},"end":{"line":58,"column":26}},"15":{"start":{"line":51,"column":20},"end":{"line":51,"column":41}},"16":{"start":{"line":52,"column":20},"end":{"line":52,"column":46}},"17":{"start":{"line":53,"column":20},"end":{"line":53,"column":61}},"18":{"start":{"line":54,"column":20},"end":{"line":54,"column":66}},"19":{"start":{"line":55,"column":20},"end":{"line":55,"column":66}},"20":{"start":{"line":56,"column":20},"end":{"line":56,"column":55}},"21":{"start":{"line":57,"column":20},"end":{"line":57,"column":49}},"22":{"start":{"line":59,"column":16},"end":{"line":67,"column":19}},"23":{"start":{"line":60,"column":20},"end":{"line":66,"column":21}},"24":{"start":{"line":61,"column":24},"end":{"line":64,"column":28}},"25":{"start":{"line":65,"column":24},"end":{"line":65,"column":74}},"26":{"start":{"line":68,"column":16},"end":{"line":74,"column":19}},"27":{"start":{"line":69,"column":20},"end":{"line":69,"column":38}},"28":{"start":{"line":70,"column":20},"end":{"line":73,"column":24}},"29":{"start":{"line":78,"column":8},"end":{"line":78,"column":54}},"30":{"start":{"line":78,"column":45},"end":{"line":78,"column":52}},"31":{"start":{"line":79,"column":8},"end":{"line":79,"column":20}},"32":{"start":{"line":83,"column":8},"end":{"line":83,"column":33}},"33":{"start":{"line":84,"column":8},"end":{"line":84,"column":31}},"34":{"start":{"line":85,"column":8},"end":{"line":85,"column":31}},"35":{"start":{"line":86,"column":8},"end":{"line":86,"column":33}},"36":{"start":{"line":87,"column":8},"end":{"line":87,"column":38}},"37":{"start":{"line":91,"column":8},"end":{"line":91,"column":35}},"38":{"start":{"line":92,"column":8},"end":{"line":92,"column":20}},"39":{"start":{"line":96,"column":27},"end":{"line":96,"column":77}},"40":{"start":{"line":97,"column":26},"end":{"line":97,"column":75}},"41":{"start":{"line":99,"column":8},"end":{"line":99,"column":49}},"42":{"start":{"line":100,"column":8},"end":{"line":100,"column":85}},"43":{"start":{"line":101,"column":8},"end":{"line":101,"column":20}},"44":{"start":{"line":105,"column":8},"end":{"line":105,"column":34}},"45":{"start":{"line":106,"column":8},"end":{"line":106,"column":57}},"46":{"start":{"line":107,"column":8},"end":{"line":107,"column":77}},"47":{"start":{"line":107,"column":43},"end":{"line":107,"column":69}},"48":{"start":{"line":111,"column":8},"end":{"line":111,"column":33}},"49":{"start":{"line":112,"column":8},"end":{"line":112,"column":20}},"50":{"start":{"line":116,"column":8},"end":{"line":116,"column":80}},"51":{"start":{"line":117,"column":8},"end":{"line":117,"column":86}},"52":{"start":{"line":118,"column":8},"end":{"line":118,"column":58}},"53":{"start":{"line":119,"column":8},"end":{"line":119,"column":20}}},"fnMap":{"0":{"name":"(anonymous_0)","decl":{"start":{"line":5,"column":4},"end":{"line":5,"column":5}},"loc":{"start":{"line":5,"column":20},"end":{"line":26,"column":5}},"line":5},"1":{"name":"(anonymous_1)","decl":{"start":{"line":28,"column":4},"end":{"line":28,"column":5}},"loc":{"start":{"line":28,"column":20},"end":{"line":80,"column":5}},"line":28},"2":{"name":"(anonymous_2)","decl":{"start":{"line":30,"column":27},"end":{"line":30,"column":28}},"loc":{"start":{"line":30,"column":33},"end":{"line":32,"column":13}},"line":30},"3":{"name":"(anonymous_3)","decl":{"start":{"line":31,"column":41},"end":{"line":31,"column":42}},"loc":{"start":{"line":31,"column":47},"end":{"line":31,"column":86}},"line":31},"4":{"name":"(anonymous_4)","decl":{"start":{"line":33,"column":24},"end":{"line":33,"column":25}},"loc":{"start":{"line":33,"column":30},"end":{"line":42,"column":13}},"line":33},"5":{"name":"(anonymous_5)","decl":{"start":{"line":34,"column":68},"end":{"line":34,"column":69}},"loc":{"start":{"line":34,"column":73},"end":{"line":41,"column":17}},"line":34},"6":{"name":"(anonymous_6)","decl":{"start":{"line":43,"column":22},"end":{"line":43,"column":23}},"loc":{"start":{"line":43,"column":28},"end":{"line":48,"column":13}},"line":43},"7":{"name":"(anonymous_7)","decl":{"start":{"line":44,"column":28},"end":{"line":44,"column":29}},"loc":{"start":{"line":44,"column":34},"end":{"line":47,"column":18}},"line":44},"8":{"name":"(anonymous_8)","decl":{"start":{"line":49,"column":19},"end":{"line":49,"column":20}},"loc":{"start":{"line":49,"column":25},"end":{"line":75,"column":13}},"line":49},"9":{"name":"(anonymous_9)","decl":{"start":{"line":50,"column":47},"end":{"line":50,"column":48}},"loc":{"start":{"line":50,"column":52},"end":{"line":58,"column":17}},"line":50},"10":{"name":"(anonymous_10)","decl":{"start":{"line":59,"column":37},"end":{"line":59,"column":38}},"loc":{"start":{"line":59,"column":42},"end":{"line":67,"column":17}},"line":59},"11":{"name":"(anonymous_11)","decl":{"start":{"line":68,"column":36},"end":{"line":68,"column":37}},"loc":{"start":{"line":68,"column":41},"end":{"line":74,"column":17}},"line":68},"12":{"name":"(anonymous_12)","decl":{"start":{"line":78,"column":38},"end":{"line":78,"column":39}},"loc":{"start":{"line":78,"column":45},"end":{"line":78,"column":52}},"line":78},"13":{"name":"(anonymous_13)","decl":{"start":{"line":82,"column":4},"end":{"line":82,"column":5}},"loc":{"start":{"line":82,"column":20},"end":{"line":88,"column":5}},"line":82},"14":{"name":"(anonymous_14)","decl":{"start":{"line":90,"column":4},"end":{"line":90,"column":5}},"loc":{"start":{"line":90,"column":22},"end":{"line":93,"column":5}},"line":90},"15":{"name":"(anonymous_15)","decl":{"start":{"line":95,"column":4},"end":{"line":95,"column":5}},"loc":{"start":{"line":95,"column":17},"end":{"line":102,"column":5}},"line":95},"16":{"name":"(anonymous_16)","decl":{"start":{"line":104,"column":4},"end":{"line":104,"column":5}},"loc":{"start":{"line":104,"column":17},"end":{"line":108,"column":5}},"line":104},"17":{"name":"(anonymous_17)","decl":{"start":{"line":107,"column":37},"end":{"line":107,"column":38}},"loc":{"start":{"line":107,"column":43},"end":{"line":107,"column":69}},"line":107},"18":{"name":"(anonymous_18)","decl":{"start":{"line":110,"column":4},"end":{"line":110,"column":5}},"loc":{"start":{"line":110,"column":20},"end":{"line":113,"column":5}},"line":110},"19":{"name":"(anonymous_19)","decl":{"start":{"line":115,"column":4},"end":{"line":115,"column":5}},"loc":{"start":{"line":115,"column":30},"end":{"line":120,"column":5}},"line":115}},"branchMap":{"0":{"loc":{"start":{"line":44,"column":34},"end":{"line":47,"column":18}},"type":"binary-expr","locations":[{"start":{"line":44,"column":34},"end":{"line":44,"column":52}},{"start":{"line":44,"column":56},"end":{"line":47,"column":18}}],"line":44},"1":{"loc":{"start":{"line":60,"column":20},"end":{"line":66,"column":21}},"type":"if","locations":[{"start":{"line":60,"column":20},"end":{"line":66,"column":21}},{"start":{"line":60,"column":20},"end":{"line":66,"column":21}}],"line":60},"2":{"loc":{"start":{"line":65,"column":24},"end":{"line":65,"column":73}},"type":"binary-expr","locations":[{"start":{"line":65,"column":25},"end":{"line":65,"column":50}},{"start":{"line":65,"column":55},"end":{"line":65,"column":73}}],"line":65},"3":{"loc":{"start":{"line":70,"column":20},"end":{"line":73,"column":23}},"type":"binary-expr","locations":[{"start":{"line":70,"column":20},"end":{"line":70,"column":41}},{"start":{"line":70,"column":45},"end":{"line":73,"column":23}}],"line":70},"4":{"loc":{"start":{"line":106,"column":8},"end":{"line":106,"column":56}},"type":"binary-expr","locations":[{"start":{"line":106,"column":8},"end":{"line":106,"column":23}},{"start":{"line":106,"column":27},"end":{"line":106,"column":56}}],"line":106},"5":{"loc":{"start":{"line":116,"column":52},"end":{"line":116,"column":79}},"type":"cond-expr","locations":[{"start":{"line":116,"column":66},"end":{"line":116,"column":70}},{"start":{"line":116,"column":73},"end":{"line":116,"column":79}}],"line":116}},"s":{"0":1,"1":1,"2":1,"3":1,"4":1,"5":1,"6":1,"7":0,"8":1,"9":0,"10":0,"11":0,"12":1,"13":0,"14":1,"15":0,"16":0,"17":0,"18":0,"19":0,"20":0,"21":0,"22":1,"23":0,"24":0,"25":0,"26":1,"27":0,"28":0,"29":1,"30":4,"31":1,"32":0,"33":0,"34":0,"35":0,"36":0,"37":0,"38":0,"39":1,"40":1,"41":1,"42":1,"43":1,"44":0,"45":0,"46":0,"47":0,"48":0,"49":0,"50":0,"51":0,"52":0,"53":0},"f":{"0":1,"1":1,"2":1,"3":0,"4":1,"5":0,"6":1,"7":0,"8":1,"9":0,"10":0,"11":0,"12":4,"13":0,"14":0,"15":1,"16":0,"17":0,"18":0,"19":0},"b":{"0":[0,0],"1":[0,0],"2":[0,0],"3":[0,0],"4":[0,0],"5":[0,0]},"_coverageSchema":"332fd63041d2c1bcb487cc26dd0d5f7d97098a6c","hash":"e52ca01da47eadcb8f3f7e2cf7205c6674d2db18"}
,"C:\\Users\\Tim\\Documents\\javascript-reservation\\src\\shared\\View.js": {"path":"C:\\Users\\Tim\\Documents\\javascript-reservation\\src\\shared\\View.js","statementMap":{"0":{"start":{"line":3,"column":8},"end":{"line":3,"column":26}},"1":{"start":{"line":3,"column":17},"end":{"line":3,"column":26}},"2":{"start":{"line":4,"column":8},"end":{"line":4,"column":32}},"3":{"start":{"line":5,"column":8},"end":{"line":5,"column":45}},"4":{"start":{"line":9,"column":8},"end":{"line":9,"column":47}},"5":{"start":{"line":13,"column":8},"end":{"line":13,"column":50}},"6":{"start":{"line":17,"column":8},"end":{"line":17,"column":61}},"7":{"start":{"line":18,"column":8},"end":{"line":18,"column":20}},"8":{"start":{"line":22,"column":27},"end":{"line":25,"column":9}},"9":{"start":{"line":23,"column":12},"end":{"line":23,"column":58}},"10":{"start":{"line":24,"column":12},"end":{"line":24,"column":58}},"11":{"start":{"line":26,"column":8},"end":{"line":26,"column":46}},"12":{"start":{"line":27,"column":8},"end":{"line":27,"column":20}},"13":{"start":{"line":31,"column":20},"end":{"line":33,"column":10}},"14":{"start":{"line":34,"column":8},"end":{"line":34,"column":35}},"15":{"start":{"line":35,"column":8},"end":{"line":35,"column":20}},"16":{"start":{"line":39,"column":8},"end":{"line":40,"column":90}},"17":{"start":{"line":40,"column":47},"end":{"line":40,"column":88}}},"fnMap":{"0":{"name":"(anonymous_0)","decl":{"start":{"line":2,"column":4},"end":{"line":2,"column":5}},"loc":{"start":{"line":2,"column":20},"end":{"line":6,"column":5}},"line":2},"1":{"name":"(anonymous_1)","decl":{"start":{"line":8,"column":4},"end":{"line":8,"column":5}},"loc":{"start":{"line":8,"column":17},"end":{"line":10,"column":5}},"line":8},"2":{"name":"(anonymous_2)","decl":{"start":{"line":12,"column":4},"end":{"line":12,"column":5}},"loc":{"start":{"line":12,"column":18},"end":{"line":14,"column":5}},"line":12},"3":{"name":"(anonymous_3)","decl":{"start":{"line":16,"column":4},"end":{"line":16,"column":5}},"loc":{"start":{"line":16,"column":35},"end":{"line":19,"column":5}},"line":16},"4":{"name":"(anonymous_4)","decl":{"start":{"line":21,"column":4},"end":{"line":21,"column":5}},"loc":{"start":{"line":21,"column":51},"end":{"line":28,"column":5}},"line":21},"5":{"name":"(anonymous_5)","decl":{"start":{"line":22,"column":27},"end":{"line":22,"column":28}},"loc":{"start":{"line":22,"column":32},"end":{"line":25,"column":9}},"line":22},"6":{"name":"(anonymous_6)","decl":{"start":{"line":30,"column":4},"end":{"line":30,"column":5}},"loc":{"start":{"line":30,"column":22},"end":{"line":36,"column":5}},"line":30},"7":{"name":"(anonymous_7)","decl":{"start":{"line":38,"column":4},"end":{"line":38,"column":5}},"loc":{"start":{"line":38,"column":31},"end":{"line":41,"column":5}},"line":38},"8":{"name":"(anonymous_8)","decl":{"start":{"line":40,"column":35},"end":{"line":40,"column":36}},"loc":{"start":{"line":40,"column":47},"end":{"line":40,"column":88}},"line":40}},"branchMap":{"0":{"loc":{"start":{"line":3,"column":8},"end":{"line":3,"column":26}},"type":"if","locations":[{"start":{"line":3,"column":8},"end":{"line":3,"column":26}},{"start":{"line":3,"column":8},"end":{"line":3,"column":26}}],"line":3},"1":{"loc":{"start":{"line":24,"column":12},"end":{"line":24,"column":57}},"type":"binary-expr","locations":[{"start":{"line":24,"column":12},"end":{"line":24,"column":28}},{"start":{"line":24,"column":32},"end":{"line":24,"column":57}}],"line":24},"2":{"loc":{"start":{"line":40,"column":47},"end":{"line":40,"column":88}},"type":"cond-expr","locations":[{"start":{"line":40,"column":74},"end":{"line":40,"column":83}},{"start":{"line":40,"column":86},"end":{"line":40,"column":88}}],"line":40}},"s":{"0":1,"1":0,"2":1,"3":1,"4":1,"5":0,"6":5,"7":5,"8":1,"9":0,"10":0,"11":1,"12":1,"13":0,"14":0,"15":0,"16":0,"17":0},"f":{"0":1,"1":1,"2":0,"3":5,"4":1,"5":0,"6":0,"7":0,"8":0},"b":{"0":[0,1],"1":[0,0],"2":[0,0]},"_coverageSchema":"332fd63041d2c1bcb487cc26dd0d5f7d97098a6c","hash":"c3e9fb06aa8f926d002e4d4122721364e1124ad0"}
}
