{"C:\\Users\\Tim\\Documents\\javascript-reservation\\src\\mainpage\\view\\slideView.js": {"path":"C:\\Users\\Tim\\Documents\\javascript-reservation\\src\\mainpage\\view\\slideView.js","statementMap":{"0":{"start":{"line":6,"column":8},"end":{"line":6,"column":18}},"1":{"start":{"line":7,"column":8},"end":{"line":7,"column":50}},"2":{"start":{"line":8,"column":8},"end":{"line":8,"column":26}},"3":{"start":{"line":10,"column":8},"end":{"line":24,"column":10}},"4":{"start":{"line":25,"column":8},"end":{"line":25,"column":29}},"5":{"start":{"line":29,"column":23},"end":{"line":76,"column":9}},"6":{"start":{"line":31,"column":16},"end":{"line":31,"column":88}},"7":{"start":{"line":31,"column":47},"end":{"line":31,"column":86}},"8":{"start":{"line":34,"column":16},"end":{"line":41,"column":26}},"9":{"start":{"line":35,"column":20},"end":{"line":35,"column":39}},"10":{"start":{"line":36,"column":20},"end":{"line":39,"column":23}},"11":{"start":{"line":40,"column":20},"end":{"line":40,"column":38}},"12":{"start":{"line":44,"column":16},"end":{"line":47,"column":46}},"13":{"start":{"line":44,"column":34},"end":{"line":47,"column":18}},"14":{"start":{"line":50,"column":16},"end":{"line":58,"column":26}},"15":{"start":{"line":51,"column":20},"end":{"line":51,"column":41}},"16":{"start":{"line":52,"column":20},"end":{"line":52,"column":46}},"17":{"start":{"line":53,"column":20},"end":{"line":53,"column":61}},"18":{"start":{"line":54,"column":20},"end":{"line":54,"column":66}},"19":{"start":{"line":55,"column":20},"end":{"line":55,"column":66}},"20":{"start":{"line":56,"column":20},"end":{"line":56,"column":55}},"21":{"start":{"line":57,"column":20},"end":{"line":57,"column":49}},"22":{"start":{"line":59,"column":16},"end":{"line":67,"column":19}},"23":{"start":{"line":60,"column":20},"end":{"line":66,"column":21}},"24":{"start":{"line":61,"column":24},"end":{"line":64,"column":28}},"25":{"start":{"line":65,"column":24},"end":{"line":65,"column":74}},"26":{"start":{"line":68,"column":16},"end":{"line":74,"column":19}},"27":{"start":{"line":69,"column":20},"end":{"line":69,"column":38}},"28":{"start":{"line":70,"column":20},"end":{"line":73,"column":24}},"29":{"start":{"line":78,"column":8},"end":{"line":78,"column":54}},"30":{"start":{"line":78,"column":45},"end":{"line":78,"column":52}},"31":{"start":{"line":79,"column":8},"end":{"line":79,"column":20}},"32":{"start":{"line":83,"column":8},"end":{"line":83,"column":33}},"33":{"start":{"line":84,"column":8},"end":{"line":84,"column":31}},"34":{"start":{"line":85,"column":8},"end":{"line":85,"column":31}},"35":{"start":{"line":86,"column":8},"end":{"line":86,"column":33}},"36":{"start":{"line":87,"column":8},"end":{"line":87,"column":38}},"37":{"start":{"line":91,"column":8},"end":{"line":91,"column":35}},"38":{"start":{"line":92,"column":8},"end":{"line":92,"column":20}},"39":{"start":{"line":96,"column":27},"end":{"line":96,"column":77}},"40":{"start":{"line":97,"column":26},"end":{"line":97,"column":75}},"41":{"start":{"line":99,"column":8},"end":{"line":99,"column":49}},"42":{"start":{"line":100,"column":8},"end":{"line":100,"column":85}},"43":{"start":{"line":101,"column":8},"end":{"line":101,"column":20}},"44":{"start":{"line":105,"column":8},"end":{"line":105,"column":34}},"45":{"start":{"line":106,"column":8},"end":{"line":106,"column":57}},"46":{"start":{"line":107,"column":8},"end":{"line":108,"column":73}},"47":{"start":{"line":107,"column":38},"end":{"line":108,"column":71}},"48":{"start":{"line":108,"column":29},"end":{"line":108,"column":64}},"49":{"start":{"line":112,"column":8},"end":{"line":112,"column":33}},"50":{"start":{"line":113,"column":8},"end":{"line":113,"column":20}},"51":{"start":{"line":117,"column":8},"end":{"line":117,"column":80}},"52":{"start":{"line":118,"column":8},"end":{"line":118,"column":86}},"53":{"start":{"line":119,"column":8},"end":{"line":119,"column":58}},"54":{"start":{"line":120,"column":8},"end":{"line":120,"column":20}}},"fnMap":{"0":{"name":"(anonymous_0)","decl":{"start":{"line":5,"column":4},"end":{"line":5,"column":5}},"loc":{"start":{"line":5,"column":20},"end":{"line":26,"column":5}},"line":5},"1":{"name":"(anonymous_1)","decl":{"start":{"line":28,"column":4},"end":{"line":28,"column":5}},"loc":{"start":{"line":28,"column":20},"end":{"line":80,"column":5}},"line":28},"2":{"name":"(anonymous_2)","decl":{"start":{"line":30,"column":27},"end":{"line":30,"column":28}},"loc":{"start":{"line":30,"column":33},"end":{"line":32,"column":13}},"line":30},"3":{"name":"(anonymous_3)","decl":{"start":{"line":31,"column":41},"end":{"line":31,"column":42}},"loc":{"start":{"line":31,"column":47},"end":{"line":31,"column":86}},"line":31},"4":{"name":"(anonymous_4)","decl":{"start":{"line":33,"column":24},"end":{"line":33,"column":25}},"loc":{"start":{"line":33,"column":30},"end":{"line":42,"column":13}},"line":33},"5":{"name":"(anonymous_5)","decl":{"start":{"line":34,"column":68},"end":{"line":34,"column":69}},"loc":{"start":{"line":34,"column":73},"end":{"line":41,"column":17}},"line":34},"6":{"name":"(anonymous_6)","decl":{"start":{"line":43,"column":22},"end":{"line":43,"column":23}},"loc":{"start":{"line":43,"column":28},"end":{"line":48,"column":13}},"line":43},"7":{"name":"(anonymous_7)","decl":{"start":{"line":44,"column":28},"end":{"line":44,"column":29}},"loc":{"start":{"line":44,"column":34},"end":{"line":47,"column":18}},"line":44},"8":{"name":"(anonymous_8)","decl":{"start":{"line":49,"column":19},"end":{"line":49,"column":20}},"loc":{"start":{"line":49,"column":25},"end":{"line":75,"column":13}},"line":49},"9":{"name":"(anonymous_9)","decl":{"start":{"line":50,"column":47},"end":{"line":50,"column":48}},"loc":{"start":{"line":50,"column":52},"end":{"line":58,"column":17}},"line":50},"10":{"name":"(anonymous_10)","decl":{"start":{"line":59,"column":37},"end":{"line":59,"column":38}},"loc":{"start":{"line":59,"column":42},"end":{"line":67,"column":17}},"line":59},"11":{"name":"(anonymous_11)","decl":{"start":{"line":68,"column":36},"end":{"line":68,"column":37}},"loc":{"start":{"line":68,"column":41},"end":{"line":74,"column":17}},"line":68},"12":{"name":"(anonymous_12)","decl":{"start":{"line":78,"column":38},"end":{"line":78,"column":39}},"loc":{"start":{"line":78,"column":45},"end":{"line":78,"column":52}},"line":78},"13":{"name":"(anonymous_13)","decl":{"start":{"line":82,"column":4},"end":{"line":82,"column":5}},"loc":{"start":{"line":82,"column":20},"end":{"line":88,"column":5}},"line":82},"14":{"name":"(anonymous_14)","decl":{"start":{"line":90,"column":4},"end":{"line":90,"column":5}},"loc":{"start":{"line":90,"column":22},"end":{"line":93,"column":5}},"line":90},"15":{"name":"(anonymous_15)","decl":{"start":{"line":95,"column":4},"end":{"line":95,"column":5}},"loc":{"start":{"line":95,"column":17},"end":{"line":102,"column":5}},"line":95},"16":{"name":"(anonymous_16)","decl":{"start":{"line":104,"column":4},"end":{"line":104,"column":5}},"loc":{"start":{"line":104,"column":17},"end":{"line":109,"column":5}},"line":104},"17":{"name":"(anonymous_17)","decl":{"start":{"line":107,"column":27},"end":{"line":107,"column":28}},"loc":{"start":{"line":107,"column":38},"end":{"line":108,"column":71}},"line":107},"18":{"name":"(anonymous_18)","decl":{"start":{"line":108,"column":23},"end":{"line":108,"column":24}},"loc":{"start":{"line":108,"column":29},"end":{"line":108,"column":64}},"line":108},"19":{"name":"(anonymous_19)","decl":{"start":{"line":111,"column":4},"end":{"line":111,"column":5}},"loc":{"start":{"line":111,"column":20},"end":{"line":114,"column":5}},"line":111},"20":{"name":"(anonymous_20)","decl":{"start":{"line":116,"column":4},"end":{"line":116,"column":5}},"loc":{"start":{"line":116,"column":30},"end":{"line":121,"column":5}},"line":116}},"branchMap":{"0":{"loc":{"start":{"line":44,"column":34},"end":{"line":47,"column":18}},"type":"binary-expr","locations":[{"start":{"line":44,"column":34},"end":{"line":44,"column":52}},{"start":{"line":44,"column":56},"end":{"line":47,"column":18}}],"line":44},"1":{"loc":{"start":{"line":60,"column":20},"end":{"line":66,"column":21}},"type":"if","locations":[{"start":{"line":60,"column":20},"end":{"line":66,"column":21}},{"start":{"line":60,"column":20},"end":{"line":66,"column":21}}],"line":60},"2":{"loc":{"start":{"line":65,"column":24},"end":{"line":65,"column":73}},"type":"binary-expr","locations":[{"start":{"line":65,"column":25},"end":{"line":65,"column":50}},{"start":{"line":65,"column":55},"end":{"line":65,"column":73}}],"line":65},"3":{"loc":{"start":{"line":70,"column":20},"end":{"line":73,"column":23}},"type":"binary-expr","locations":[{"start":{"line":70,"column":20},"end":{"line":70,"column":41}},{"start":{"line":70,"column":45},"end":{"line":73,"column":23}}],"line":70},"4":{"loc":{"start":{"line":106,"column":8},"end":{"line":106,"column":56}},"type":"binary-expr","locations":[{"start":{"line":106,"column":8},"end":{"line":106,"column":23}},{"start":{"line":106,"column":27},"end":{"line":106,"column":56}}],"line":106},"5":{"loc":{"start":{"line":117,"column":52},"end":{"line":117,"column":79}},"type":"cond-expr","locations":[{"start":{"line":117,"column":66},"end":{"line":117,"column":70}},{"start":{"line":117,"column":73},"end":{"line":117,"column":79}}],"line":117}},"s":{"0":1,"1":1,"2":1,"3":1,"4":1,"5":1,"6":1,"7":0,"8":1,"9":1,"10":1,"11":1,"12":1,"13":1,"14":1,"15":1,"16":1,"17":1,"18":1,"19":1,"20":1,"21":1,"22":1,"23":1,"24":1,"25":1,"26":1,"27":1,"28":1,"29":1,"30":4,"31":1,"32":2,"33":2,"34":2,"35":2,"36":2,"37":1,"38":1,"39":2,"40":2,"41":2,"42":2,"43":2,"44":4,"45":4,"46":4,"47":4,"48":1,"49":1,"50":1,"51":2,"52":2,"53":2,"54":2},"f":{"0":1,"1":1,"2":1,"3":0,"4":1,"5":1,"6":1,"7":1,"8":1,"9":1,"10":1,"11":1,"12":4,"13":2,"14":1,"15":2,"16":4,"17":4,"18":1,"19":1,"20":2},"b":{"0":[1,0],"1":[1,0],"2":[1,0],"3":[1,1],"4":[4,3],"5":[1,1]},"_coverageSchema":"332fd63041d2c1bcb487cc26dd0d5f7d97098a6c","hash":"91852bfcc8f054f188c269fc1e3e7aa1a84ec0ed"}
,"C:\\Users\\Tim\\Documents\\javascript-reservation\\src\\mainpage\\view\\tabView.js": {"path":"C:\\Users\\Tim\\Documents\\javascript-reservation\\src\\mainpage\\view\\tabView.js","statementMap":{"0":{"start":{"line":5,"column":8},"end":{"line":5,"column":18}},"1":{"start":{"line":6,"column":8},"end":{"line":6,"column":68}},"2":{"start":{"line":7,"column":8},"end":{"line":7,"column":61}},"3":{"start":{"line":8,"column":8},"end":{"line":8,"column":40}},"4":{"start":{"line":9,"column":8},"end":{"line":13,"column":10}},"5":{"start":{"line":14,"column":8},"end":{"line":14,"column":29}},"6":{"start":{"line":18,"column":23},"end":{"line":27,"column":9}},"7":{"start":{"line":20,"column":16},"end":{"line":20,"column":83}},"8":{"start":{"line":20,"column":61},"end":{"line":20,"column":81}},"9":{"start":{"line":23,"column":16},"end":{"line":25,"column":20}},"10":{"start":{"line":23,"column":70},"end":{"line":25,"column":18}},"11":{"start":{"line":29,"column":8},"end":{"line":29,"column":54}},"12":{"start":{"line":29,"column":45},"end":{"line":29,"column":52}},"13":{"start":{"line":30,"column":8},"end":{"line":30,"column":20}},"14":{"start":{"line":34,"column":29},"end":{"line":38,"column":9}},"15":{"start":{"line":36,"column":16},"end":{"line":36,"column":41}},"16":{"start":{"line":40,"column":8},"end":{"line":40,"column":32}},"17":{"start":{"line":41,"column":8},"end":{"line":41,"column":20}},"18":{"start":{"line":45,"column":8},"end":{"line":46,"column":30}},"19":{"start":{"line":50,"column":8},"end":{"line":53,"column":30}},"20":{"start":{"line":54,"column":8},"end":{"line":54,"column":20}},"21":{"start":{"line":58,"column":8},"end":{"line":60,"column":46}},"22":{"start":{"line":59,"column":28},"end":{"line":60,"column":44}},"23":{"start":{"line":61,"column":8},"end":{"line":61,"column":20}},"24":{"start":{"line":65,"column":8},"end":{"line":67,"column":62}},"25":{"start":{"line":66,"column":29},"end":{"line":67,"column":60}},"26":{"start":{"line":68,"column":8},"end":{"line":68,"column":20}},"27":{"start":{"line":72,"column":38},"end":{"line":72,"column":48}},"28":{"start":{"line":73,"column":8},"end":{"line":75,"column":9}},"29":{"start":{"line":74,"column":12},"end":{"line":74,"column":48}},"30":{"start":{"line":76,"column":8},"end":{"line":76,"column":20}},"31":{"start":{"line":80,"column":52},"end":{"line":80,"column":62}},"32":{"start":{"line":81,"column":8},"end":{"line":84,"column":11}},"33":{"start":{"line":82,"column":73},"end":{"line":82,"column":77}},"34":{"start":{"line":83,"column":12},"end":{"line":83,"column":99}},"35":{"start":{"line":85,"column":8},"end":{"line":85,"column":20}},"36":{"start":{"line":89,"column":38},"end":{"line":89,"column":48}},"37":{"start":{"line":90,"column":8},"end":{"line":90,"column":66}},"38":{"start":{"line":91,"column":8},"end":{"line":91,"column":20}},"39":{"start":{"line":95,"column":32},"end":{"line":95,"column":66}},"40":{"start":{"line":96,"column":38},"end":{"line":96,"column":48}},"41":{"start":{"line":97,"column":18},"end":{"line":97,"column":19}},"42":{"start":{"line":98,"column":8},"end":{"line":100,"column":9}},"43":{"start":{"line":99,"column":12},"end":{"line":99,"column":98}},"44":{"start":{"line":101,"column":8},"end":{"line":102,"column":31}},"45":{"start":{"line":103,"column":8},"end":{"line":103,"column":20}},"46":{"start":{"line":108,"column":38},"end":{"line":108,"column":48}},"47":{"start":{"line":109,"column":8},"end":{"line":111,"column":9}},"48":{"start":{"line":110,"column":12},"end":{"line":110,"column":88}},"49":{"start":{"line":110,"column":65},"end":{"line":110,"column":86}},"50":{"start":{"line":112,"column":8},"end":{"line":112,"column":20}},"51":{"start":{"line":116,"column":38},"end":{"line":116,"column":48}},"52":{"start":{"line":117,"column":8},"end":{"line":119,"column":9}},"53":{"start":{"line":118,"column":12},"end":{"line":118,"column":45}},"54":{"start":{"line":120,"column":8},"end":{"line":120,"column":20}},"55":{"start":{"line":124,"column":8},"end":{"line":124,"column":33}},"56":{"start":{"line":125,"column":8},"end":{"line":125,"column":20}}},"fnMap":{"0":{"name":"(anonymous_0)","decl":{"start":{"line":4,"column":4},"end":{"line":4,"column":5}},"loc":{"start":{"line":4,"column":20},"end":{"line":15,"column":5}},"line":4},"1":{"name":"(anonymous_1)","decl":{"start":{"line":17,"column":4},"end":{"line":17,"column":5}},"loc":{"start":{"line":17,"column":20},"end":{"line":31,"column":5}},"line":17},"2":{"name":"(anonymous_2)","decl":{"start":{"line":19,"column":18},"end":{"line":19,"column":19}},"loc":{"start":{"line":19,"column":24},"end":{"line":21,"column":13}},"line":19},"3":{"name":"(anonymous_3)","decl":{"start":{"line":20,"column":55},"end":{"line":20,"column":56}},"loc":{"start":{"line":20,"column":61},"end":{"line":20,"column":81}},"line":20},"4":{"name":"(anonymous_4)","decl":{"start":{"line":22,"column":22},"end":{"line":22,"column":23}},"loc":{"start":{"line":22,"column":28},"end":{"line":26,"column":13}},"line":22},"5":{"name":"(anonymous_5)","decl":{"start":{"line":23,"column":65},"end":{"line":23,"column":66}},"loc":{"start":{"line":23,"column":70},"end":{"line":25,"column":18}},"line":23},"6":{"name":"(anonymous_6)","decl":{"start":{"line":29,"column":38},"end":{"line":29,"column":39}},"loc":{"start":{"line":29,"column":45},"end":{"line":29,"column":52}},"line":29},"7":{"name":"(anonymous_7)","decl":{"start":{"line":33,"column":4},"end":{"line":33,"column":5}},"loc":{"start":{"line":33,"column":31},"end":{"line":42,"column":5}},"line":33},"8":{"name":"(anonymous_8)","decl":{"start":{"line":35,"column":22},"end":{"line":35,"column":23}},"loc":{"start":{"line":35,"column":28},"end":{"line":37,"column":13}},"line":35},"9":{"name":"(anonymous_9)","decl":{"start":{"line":44,"column":4},"end":{"line":44,"column":5}},"loc":{"start":{"line":44,"column":19},"end":{"line":47,"column":5}},"line":44},"10":{"name":"(anonymous_10)","decl":{"start":{"line":49,"column":4},"end":{"line":49,"column":5}},"loc":{"start":{"line":49,"column":21},"end":{"line":55,"column":5}},"line":49},"11":{"name":"(anonymous_11)","decl":{"start":{"line":57,"column":4},"end":{"line":57,"column":5}},"loc":{"start":{"line":57,"column":24},"end":{"line":62,"column":5}},"line":57},"12":{"name":"(anonymous_12)","decl":{"start":{"line":59,"column":21},"end":{"line":59,"column":22}},"loc":{"start":{"line":59,"column":28},"end":{"line":60,"column":44}},"line":59},"13":{"name":"(anonymous_13)","decl":{"start":{"line":64,"column":4},"end":{"line":64,"column":5}},"loc":{"start":{"line":64,"column":24},"end":{"line":69,"column":5}},"line":64},"14":{"name":"(anonymous_14)","decl":{"start":{"line":66,"column":21},"end":{"line":66,"column":22}},"loc":{"start":{"line":66,"column":29},"end":{"line":67,"column":60}},"line":66},"15":{"name":"(anonymous_15)","decl":{"start":{"line":71,"column":4},"end":{"line":71,"column":5}},"loc":{"start":{"line":71,"column":21},"end":{"line":77,"column":5}},"line":71},"16":{"name":"(anonymous_16)","decl":{"start":{"line":79,"column":4},"end":{"line":79,"column":5}},"loc":{"start":{"line":79,"column":19},"end":{"line":86,"column":5}},"line":79},"17":{"name":"(anonymous_17)","decl":{"start":{"line":81,"column":54},"end":{"line":81,"column":55}},"loc":{"start":{"line":81,"column":62},"end":{"line":84,"column":9}},"line":81},"18":{"name":"(anonymous_18)","decl":{"start":{"line":88,"column":4},"end":{"line":88,"column":5}},"loc":{"start":{"line":88,"column":18},"end":{"line":92,"column":5}},"line":88},"19":{"name":"(anonymous_19)","decl":{"start":{"line":94,"column":4},"end":{"line":94,"column":5}},"loc":{"start":{"line":94,"column":20},"end":{"line":104,"column":5}},"line":94},"20":{"name":"(anonymous_20)","decl":{"start":{"line":107,"column":4},"end":{"line":107,"column":5}},"loc":{"start":{"line":107,"column":22},"end":{"line":113,"column":5}},"line":107},"21":{"name":"(anonymous_21)","decl":{"start":{"line":110,"column":57},"end":{"line":110,"column":58}},"loc":{"start":{"line":110,"column":65},"end":{"line":110,"column":86}},"line":110},"22":{"name":"(anonymous_22)","decl":{"start":{"line":115,"column":4},"end":{"line":115,"column":5}},"loc":{"start":{"line":115,"column":28},"end":{"line":121,"column":5}},"line":115},"23":{"name":"(anonymous_23)","decl":{"start":{"line":123,"column":4},"end":{"line":123,"column":5}},"loc":{"start":{"line":123,"column":20},"end":{"line":126,"column":5}},"line":123}},"branchMap":{"0":{"loc":{"start":{"line":59,"column":44},"end":{"line":60,"column":44}},"type":"cond-expr","locations":[{"start":{"line":60,"column":18},"end":{"line":60,"column":33}},{"start":{"line":60,"column":36},"end":{"line":60,"column":44}}],"line":59},"1":{"loc":{"start":{"line":66,"column":46},"end":{"line":67,"column":60}},"type":"cond-expr","locations":[{"start":{"line":67,"column":18},"end":{"line":67,"column":41}},{"start":{"line":67,"column":44},"end":{"line":67,"column":60}}],"line":66},"2":{"loc":{"start":{"line":73,"column":8},"end":{"line":75,"column":9}},"type":"if","locations":[{"start":{"line":73,"column":8},"end":{"line":75,"column":9}},{"start":{"line":73,"column":8},"end":{"line":75,"column":9}}],"line":73},"3":{"loc":{"start":{"line":98,"column":14},"end":{"line":98,"column":49}},"type":"binary-expr","locations":[{"start":{"line":98,"column":14},"end":{"line":98,"column":19}},{"start":{"line":98,"column":23},"end":{"line":98,"column":49}}],"line":98},"4":{"loc":{"start":{"line":101,"column":49},"end":{"line":102,"column":30}},"type":"cond-expr","locations":[{"start":{"line":102,"column":14},"end":{"line":102,"column":21}},{"start":{"line":102,"column":24},"end":{"line":102,"column":30}}],"line":101},"5":{"loc":{"start":{"line":109,"column":8},"end":{"line":111,"column":9}},"type":"if","locations":[{"start":{"line":109,"column":8},"end":{"line":111,"column":9}},{"start":{"line":109,"column":8},"end":{"line":111,"column":9}}],"line":109},"6":{"loc":{"start":{"line":117,"column":8},"end":{"line":119,"column":9}},"type":"if","locations":[{"start":{"line":117,"column":8},"end":{"line":119,"column":9}},{"start":{"line":117,"column":8},"end":{"line":119,"column":9}}],"line":117}},"s":{"0":5,"1":5,"2":5,"3":5,"4":5,"5":5,"6":5,"7":5,"8":1,"9":5,"10":1,"11":5,"12":10,"13":5,"14":5,"15":5,"16":5,"17":5,"18":5,"19":6,"20":6,"21":6,"22":30,"23":6,"24":6,"25":30,"26":6,"27":6,"28":6,"29":6,"30":6,"31":6,"32":6,"33":53,"34":53,"35":6,"36":6,"37":6,"38":6,"39":7,"40":7,"41":7,"42":7,"43":27,"44":7,"45":7,"46":1,"47":1,"48":1,"49":10,"50":1,"51":5,"52":5,"53":5,"54":5,"55":2,"56":2},"f":{"0":5,"1":5,"2":5,"3":1,"4":5,"5":1,"6":10,"7":5,"8":5,"9":5,"10":6,"11":6,"12":30,"13":6,"14":30,"15":6,"16":6,"17":53,"18":6,"19":7,"20":1,"21":10,"22":5,"23":2},"b":{"0":[6,24],"1":[6,24],"2":[6,0],"3":[34,28],"4":[6,1],"5":[1,0],"6":[5,0]},"_coverageSchema":"332fd63041d2c1bcb487cc26dd0d5f7d97098a6c","hash":"2883d24815930570595b42fa5cb6966b69b9f95e"}
,"C:\\Users\\Tim\\Documents\\javascript-reservation\\src\\reserve\\models\\ticketModel.js": {"path":"C:\\Users\\Tim\\Documents\\javascript-reservation\\src\\reserve\\models\\ticketModel.js","statementMap":{"0":{"start":{"line":26,"column":8},"end":{"line":26,"column":42}},"1":{"start":{"line":30,"column":8},"end":{"line":32,"column":54}},"2":{"start":{"line":32,"column":34},"end":{"line":32,"column":49}},"3":{"start":{"line":36,"column":21},"end":{"line":38,"column":46}},"4":{"start":{"line":38,"column":28},"end":{"line":38,"column":42}},"5":{"start":{"line":39,"column":8},"end":{"line":39,"column":26}}},"fnMap":{"0":{"name":"(anonymous_0)","decl":{"start":{"line":32,"column":20},"end":{"line":32,"column":21}},"loc":{"start":{"line":32,"column":34},"end":{"line":32,"column":49}},"line":32},"1":{"name":"(anonymous_1)","decl":{"start":{"line":38,"column":20},"end":{"line":38,"column":21}},"loc":{"start":{"line":38,"column":28},"end":{"line":38,"column":42}},"line":38}},"branchMap":{},"s":{"0":0,"1":1,"2":4,"3":0,"4":0,"5":0},"f":{"0":4,"1":0},"b":{},"_coverageSchema":"332fd63041d2c1bcb487cc26dd0d5f7d97098a6c","hash":"046a0fcfe73fd879becb1cc0b6d00e33f4556928"}
,"C:\\Users\\Tim\\Documents\\javascript-reservation\\src\\reserve\\view\\agreementView.js": {"path":"C:\\Users\\Tim\\Documents\\javascript-reservation\\src\\reserve\\view\\agreementView.js","statementMap":{"0":{"start":{"line":6,"column":8},"end":{"line":6,"column":18}},"1":{"start":{"line":7,"column":8},"end":{"line":7,"column":46}},"2":{"start":{"line":8,"column":8},"end":{"line":8,"column":46}},"3":{"start":{"line":9,"column":8},"end":{"line":9,"column":47}},"4":{"start":{"line":10,"column":8},"end":{"line":10,"column":39}},"5":{"start":{"line":11,"column":8},"end":{"line":11,"column":41}},"6":{"start":{"line":12,"column":8},"end":{"line":12,"column":39}},"7":{"start":{"line":13,"column":8},"end":{"line":13,"column":29}},"8":{"start":{"line":17,"column":23},"end":{"line":58,"column":9}},"9":{"start":{"line":19,"column":16},"end":{"line":27,"column":19}},"10":{"start":{"line":20,"column":20},"end":{"line":20,"column":39}},"11":{"start":{"line":21,"column":37},"end":{"line":21,"column":72}},"12":{"start":{"line":22,"column":20},"end":{"line":26,"column":21}},"13":{"start":{"line":23,"column":24},"end":{"line":23,"column":58}},"14":{"start":{"line":25,"column":24},"end":{"line":25,"column":55}},"15":{"start":{"line":30,"column":31},"end":{"line":36,"column":18}},"16":{"start":{"line":34,"column":24},"end":{"line":34,"column":87}},"17":{"start":{"line":39,"column":16},"end":{"line":41,"column":20}},"18":{"start":{"line":39,"column":62},"end":{"line":41,"column":18}},"19":{"start":{"line":44,"column":16},"end":{"line":46,"column":20}},"20":{"start":{"line":44,"column":58},"end":{"line":46,"column":18}},"21":{"start":{"line":49,"column":16},"end":{"line":51,"column":20}},"22":{"start":{"line":49,"column":57},"end":{"line":51,"column":18}},"23":{"start":{"line":54,"column":16},"end":{"line":56,"column":20}},"24":{"start":{"line":54,"column":58},"end":{"line":56,"column":18}},"25":{"start":{"line":60,"column":8},"end":{"line":60,"column":54}},"26":{"start":{"line":60,"column":45},"end":{"line":60,"column":52}},"27":{"start":{"line":61,"column":8},"end":{"line":61,"column":20}},"28":{"start":{"line":65,"column":8},"end":{"line":65,"column":39}},"29":{"start":{"line":69,"column":8},"end":{"line":73,"column":9}},"30":{"start":{"line":70,"column":12},"end":{"line":70,"column":48}},"31":{"start":{"line":71,"column":15},"end":{"line":73,"column":9}},"32":{"start":{"line":72,"column":12},"end":{"line":72,"column":48}},"33":{"start":{"line":77,"column":8},"end":{"line":81,"column":9}},"34":{"start":{"line":78,"column":12},"end":{"line":78,"column":51}},"35":{"start":{"line":79,"column":15},"end":{"line":81,"column":9}},"36":{"start":{"line":80,"column":12},"end":{"line":80,"column":51}}},"fnMap":{"0":{"name":"(anonymous_0)","decl":{"start":{"line":5,"column":4},"end":{"line":5,"column":5}},"loc":{"start":{"line":5,"column":20},"end":{"line":14,"column":5}},"line":5},"1":{"name":"(anonymous_1)","decl":{"start":{"line":16,"column":4},"end":{"line":16,"column":5}},"loc":{"start":{"line":16,"column":20},"end":{"line":62,"column":5}},"line":16},"2":{"name":"(anonymous_2)","decl":{"start":{"line":18,"column":23},"end":{"line":18,"column":24}},"loc":{"start":{"line":18,"column":29},"end":{"line":28,"column":13}},"line":18},"3":{"name":"(anonymous_3)","decl":{"start":{"line":19,"column":57},"end":{"line":19,"column":58}},"loc":{"start":{"line":19,"column":62},"end":{"line":27,"column":17}},"line":19},"4":{"name":"(anonymous_4)","decl":{"start":{"line":29,"column":21},"end":{"line":29,"column":22}},"loc":{"start":{"line":29,"column":27},"end":{"line":37,"column":13}},"line":29},"5":{"name":"(anonymous_5)","decl":{"start":{"line":33,"column":30},"end":{"line":33,"column":31}},"loc":{"start":{"line":33,"column":36},"end":{"line":35,"column":21}},"line":33},"6":{"name":"(anonymous_6)","decl":{"start":{"line":38,"column":21},"end":{"line":38,"column":22}},"loc":{"start":{"line":38,"column":25},"end":{"line":42,"column":13}},"line":38},"7":{"name":"(anonymous_7)","decl":{"start":{"line":39,"column":57},"end":{"line":39,"column":58}},"loc":{"start":{"line":39,"column":62},"end":{"line":41,"column":18}},"line":39},"8":{"name":"(anonymous_8)","decl":{"start":{"line":43,"column":20},"end":{"line":43,"column":21}},"loc":{"start":{"line":43,"column":24},"end":{"line":47,"column":13}},"line":43},"9":{"name":"(anonymous_9)","decl":{"start":{"line":44,"column":53},"end":{"line":44,"column":54}},"loc":{"start":{"line":44,"column":58},"end":{"line":46,"column":18}},"line":44},"10":{"name":"(anonymous_10)","decl":{"start":{"line":48,"column":19},"end":{"line":48,"column":20}},"loc":{"start":{"line":48,"column":23},"end":{"line":52,"column":13}},"line":48},"11":{"name":"(anonymous_11)","decl":{"start":{"line":49,"column":52},"end":{"line":49,"column":53}},"loc":{"start":{"line":49,"column":57},"end":{"line":51,"column":18}},"line":49},"12":{"name":"(anonymous_12)","decl":{"start":{"line":53,"column":20},"end":{"line":53,"column":21}},"loc":{"start":{"line":53,"column":24},"end":{"line":57,"column":13}},"line":53},"13":{"name":"(anonymous_13)","decl":{"start":{"line":54,"column":53},"end":{"line":54,"column":54}},"loc":{"start":{"line":54,"column":58},"end":{"line":56,"column":18}},"line":54},"14":{"name":"(anonymous_14)","decl":{"start":{"line":60,"column":38},"end":{"line":60,"column":39}},"loc":{"start":{"line":60,"column":45},"end":{"line":60,"column":52}},"line":60},"15":{"name":"(anonymous_15)","decl":{"start":{"line":64,"column":4},"end":{"line":64,"column":5}},"loc":{"start":{"line":64,"column":18},"end":{"line":66,"column":5}},"line":64},"16":{"name":"(anonymous_16)","decl":{"start":{"line":68,"column":4},"end":{"line":68,"column":5}},"loc":{"start":{"line":68,"column":19},"end":{"line":74,"column":5}},"line":68},"17":{"name":"(anonymous_17)","decl":{"start":{"line":76,"column":4},"end":{"line":76,"column":5}},"loc":{"start":{"line":76,"column":22},"end":{"line":82,"column":5}},"line":76}},"branchMap":{"0":{"loc":{"start":{"line":22,"column":20},"end":{"line":26,"column":21}},"type":"if","locations":[{"start":{"line":22,"column":20},"end":{"line":26,"column":21}},{"start":{"line":22,"column":20},"end":{"line":26,"column":21}}],"line":22},"1":{"loc":{"start":{"line":69,"column":8},"end":{"line":73,"column":9}},"type":"if","locations":[{"start":{"line":69,"column":8},"end":{"line":73,"column":9}},{"start":{"line":69,"column":8},"end":{"line":73,"column":9}}],"line":69},"2":{"loc":{"start":{"line":71,"column":15},"end":{"line":73,"column":9}},"type":"if","locations":[{"start":{"line":71,"column":15},"end":{"line":73,"column":9}},{"start":{"line":71,"column":15},"end":{"line":73,"column":9}}],"line":71},"3":{"loc":{"start":{"line":77,"column":8},"end":{"line":81,"column":9}},"type":"if","locations":[{"start":{"line":77,"column":8},"end":{"line":81,"column":9}},{"start":{"line":77,"column":8},"end":{"line":81,"column":9}}],"line":77},"4":{"loc":{"start":{"line":79,"column":15},"end":{"line":81,"column":9}},"type":"if","locations":[{"start":{"line":79,"column":15},"end":{"line":81,"column":9}},{"start":{"line":79,"column":15},"end":{"line":81,"column":9}}],"line":79}},"s":{"0":1,"1":1,"2":1,"3":1,"4":1,"5":1,"6":1,"7":1,"8":1,"9":1,"10":1,"11":1,"12":1,"13":0,"14":1,"15":1,"16":0,"17":1,"18":1,"19":1,"20":0,"21":1,"22":0,"23":1,"24":0,"25":1,"26":6,"27":1,"28":1,"29":2,"30":1,"31":1,"32":1,"33":2,"34":1,"35":1,"36":1},"f":{"0":1,"1":1,"2":1,"3":1,"4":1,"5":0,"6":1,"7":1,"8":1,"9":0,"10":1,"11":0,"12":1,"13":0,"14":6,"15":1,"16":2,"17":2},"b":{"0":[0,1],"1":[1,1],"2":[1,0],"3":[1,1],"4":[1,0]},"_coverageSchema":"332fd63041d2c1bcb487cc26dd0d5f7d97098a6c","hash":"81436b6fa86b5b70897c4ceabd19642bbf4ffa38"}
,"C:\\Users\\Tim\\Documents\\javascript-reservation\\src\\shared\\View.js": {"path":"C:\\Users\\Tim\\Documents\\javascript-reservation\\src\\shared\\View.js","statementMap":{"0":{"start":{"line":3,"column":8},"end":{"line":3,"column":26}},"1":{"start":{"line":3,"column":17},"end":{"line":3,"column":26}},"2":{"start":{"line":4,"column":8},"end":{"line":4,"column":32}},"3":{"start":{"line":5,"column":8},"end":{"line":5,"column":45}},"4":{"start":{"line":9,"column":8},"end":{"line":9,"column":47}},"5":{"start":{"line":13,"column":8},"end":{"line":13,"column":50}},"6":{"start":{"line":17,"column":8},"end":{"line":17,"column":61}},"7":{"start":{"line":18,"column":8},"end":{"line":18,"column":20}},"8":{"start":{"line":22,"column":27},"end":{"line":25,"column":9}},"9":{"start":{"line":23,"column":12},"end":{"line":23,"column":58}},"10":{"start":{"line":24,"column":12},"end":{"line":24,"column":58}},"11":{"start":{"line":26,"column":8},"end":{"line":26,"column":46}},"12":{"start":{"line":27,"column":8},"end":{"line":27,"column":20}},"13":{"start":{"line":31,"column":20},"end":{"line":33,"column":10}},"14":{"start":{"line":34,"column":8},"end":{"line":34,"column":35}},"15":{"start":{"line":35,"column":8},"end":{"line":35,"column":20}},"16":{"start":{"line":39,"column":8},"end":{"line":40,"column":90}},"17":{"start":{"line":40,"column":47},"end":{"line":40,"column":88}}},"fnMap":{"0":{"name":"(anonymous_0)","decl":{"start":{"line":2,"column":4},"end":{"line":2,"column":5}},"loc":{"start":{"line":2,"column":20},"end":{"line":6,"column":5}},"line":2},"1":{"name":"(anonymous_1)","decl":{"start":{"line":8,"column":4},"end":{"line":8,"column":5}},"loc":{"start":{"line":8,"column":17},"end":{"line":10,"column":5}},"line":8},"2":{"name":"(anonymous_2)","decl":{"start":{"line":12,"column":4},"end":{"line":12,"column":5}},"loc":{"start":{"line":12,"column":18},"end":{"line":14,"column":5}},"line":12},"3":{"name":"(anonymous_3)","decl":{"start":{"line":16,"column":4},"end":{"line":16,"column":5}},"loc":{"start":{"line":16,"column":35},"end":{"line":19,"column":5}},"line":16},"4":{"name":"(anonymous_4)","decl":{"start":{"line":21,"column":4},"end":{"line":21,"column":5}},"loc":{"start":{"line":21,"column":51},"end":{"line":28,"column":5}},"line":21},"5":{"name":"(anonymous_5)","decl":{"start":{"line":22,"column":27},"end":{"line":22,"column":28}},"loc":{"start":{"line":22,"column":32},"end":{"line":25,"column":9}},"line":22},"6":{"name":"(anonymous_6)","decl":{"start":{"line":30,"column":4},"end":{"line":30,"column":5}},"loc":{"start":{"line":30,"column":22},"end":{"line":36,"column":5}},"line":30},"7":{"name":"(anonymous_7)","decl":{"start":{"line":38,"column":4},"end":{"line":38,"column":5}},"loc":{"start":{"line":38,"column":31},"end":{"line":41,"column":5}},"line":38},"8":{"name":"(anonymous_8)","decl":{"start":{"line":40,"column":35},"end":{"line":40,"column":36}},"loc":{"start":{"line":40,"column":47},"end":{"line":40,"column":88}},"line":40}},"branchMap":{"0":{"loc":{"start":{"line":3,"column":8},"end":{"line":3,"column":26}},"type":"if","locations":[{"start":{"line":3,"column":8},"end":{"line":3,"column":26}},{"start":{"line":3,"column":8},"end":{"line":3,"column":26}}],"line":3},"1":{"loc":{"start":{"line":24,"column":12},"end":{"line":24,"column":57}},"type":"binary-expr","locations":[{"start":{"line":24,"column":12},"end":{"line":24,"column":28}},{"start":{"line":24,"column":32},"end":{"line":24,"column":57}}],"line":24},"2":{"loc":{"start":{"line":40,"column":47},"end":{"line":40,"column":88}},"type":"cond-expr","locations":[{"start":{"line":40,"column":74},"end":{"line":40,"column":83}},{"start":{"line":40,"column":86},"end":{"line":40,"column":88}}],"line":40}},"s":{"0":7,"1":0,"2":7,"3":7,"4":24,"5":18,"6":21,"7":21,"8":12,"9":7,"10":7,"11":12,"12":12,"13":5,"14":5,"15":5,"16":53,"17":318},"f":{"0":7,"1":24,"2":18,"3":21,"4":12,"5":7,"6":5,"7":53,"8":318},"b":{"0":[0,7],"1":[7,4],"2":[318,0]},"_coverageSchema":"332fd63041d2c1bcb487cc26dd0d5f7d97098a6c","hash":"c3e9fb06aa8f926d002e4d4122721364e1124ad0"}
}
