TN:
SF:C:\Users\Tim\Documents\javascript-reservation\src\mainpage\view\slideView.js
FN:5,(anonymous_0)
FN:28,(anonymous_1)
FN:30,(anonymous_2)
FN:31,(anonymous_3)
FN:33,(anonymous_4)
FN:34,(anonymous_5)
FN:43,(anonymous_6)
FN:44,(anonymous_7)
FN:49,(anonymous_8)
FN:50,(anonymous_9)
FN:59,(anonymous_10)
FN:68,(anonymous_11)
FN:78,(anonymous_12)
FN:82,(anonymous_13)
FN:90,(anonymous_14)
FN:95,(anonymous_15)
FN:104,(anonymous_16)
FN:107,(anonymous_17)
FN:110,(anonymous_18)
FN:115,(anonymous_19)
FNF:20
FNH:8
FNDA:1,(anonymous_0)
FNDA:1,(anonymous_1)
FNDA:1,(anonymous_2)
FNDA:0,(anonymous_3)
FNDA:1,(anonymous_4)
FNDA:0,(anonymous_5)
FNDA:1,(anonymous_6)
FNDA:0,(anonymous_7)
FNDA:1,(anonymous_8)
FNDA:0,(anonymous_9)
FNDA:0,(anonymous_10)
FNDA:0,(anonymous_11)
FNDA:4,(anonymous_12)
FNDA:0,(anonymous_13)
FNDA:0,(anonymous_14)
FNDA:1,(anonymous_15)
FNDA:0,(anonymous_16)
FNDA:0,(anonymous_17)
FNDA:0,(anonymous_18)
FNDA:0,(anonymous_19)
DA:6,1
DA:7,1
DA:8,1
DA:10,1
DA:25,1
DA:29,1
DA:31,1
DA:34,1
DA:35,0
DA:36,0
DA:40,0
DA:44,1
DA:50,1
DA:51,0
DA:52,0
DA:53,0
DA:54,0
DA:55,0
DA:56,0
DA:57,0
DA:59,1
DA:60,0
DA:61,0
DA:65,0
DA:68,1
DA:69,0
DA:70,0
DA:78,4
DA:79,1
DA:83,0
DA:84,0
DA:85,0
DA:86,0
DA:87,0
DA:91,0
DA:92,0
DA:96,1
DA:97,1
DA:99,1
DA:100,1
DA:101,1
DA:105,0
DA:106,0
DA:107,0
DA:111,0
DA:112,0
DA:116,0
DA:117,0
DA:118,0
DA:119,0
LF:50
LH:19
BRDA:44,0,0,0
BRDA:44,0,1,0
BRDA:60,1,0,0
BRDA:60,1,1,0
BRDA:65,2,0,0
BRDA:65,2,1,0
BRDA:70,3,0,0
BRDA:70,3,1,0
BRDA:106,4,0,0
BRDA:106,4,1,0
BRDA:116,5,0,0
BRDA:116,5,1,0
BRF:12
BRH:0
end_of_record
TN:
SF:C:\Users\Tim\Documents\javascript-reservation\src\shared\View.js
FN:2,(anonymous_0)
FN:8,(anonymous_1)
FN:12,(anonymous_2)
FN:16,(anonymous_3)
FN:21,(anonymous_4)
FN:22,(anonymous_5)
FN:30,(anonymous_6)
FN:38,(anonymous_7)
FN:40,(anonymous_8)
FNF:9
FNH:4
FNDA:1,(anonymous_0)
FNDA:1,(anonymous_1)
FNDA:0,(anonymous_2)
FNDA:5,(anonymous_3)
FNDA:1,(anonymous_4)
FNDA:0,(anonymous_5)
FNDA:0,(anonymous_6)
FNDA:0,(anonymous_7)
FNDA:0,(anonymous_8)
DA:3,1
DA:4,1
DA:5,1
DA:9,1
DA:13,0
DA:17,5
DA:18,5
DA:22,1
DA:23,0
DA:24,0
DA:26,1
DA:27,1
DA:31,0
DA:34,0
DA:35,0
DA:39,0
DA:40,0
LF:17
LH:9
BRDA:3,0,0,0
BRDA:3,0,1,1
BRDA:24,1,0,0
BRDA:24,1,1,0
BRDA:40,2,0,0
BRDA:40,2,1,0
BRF:6
BRH:1
end_of_record
