TN:
SF:C:\Users\Tim\Documents\javascript-reservation\src\mainpage\view\slideView.js
FN:5,(anonymous_0)
FN:28,(anonymous_1)
FN:30,(anonymous_2)
FN:31,(anonymous_3)
FN:33,(anonymous_4)
FN:34,(anonymous_5)
FN:43,(anonymous_6)
FN:44,(anonymous_7)
FN:49,(anonymous_8)
FN:50,(anonymous_9)
FN:59,(anonymous_10)
FN:68,(anonymous_11)
FN:78,(anonymous_12)
FN:82,(anonymous_13)
FN:90,(anonymous_14)
FN:95,(anonymous_15)
FN:104,(anonymous_16)
FN:107,(anonymous_17)
FN:108,(anonymous_18)
FN:111,(anonymous_19)
FN:116,(anonymous_20)
FNF:21
FNH:20
FNDA:1,(anonymous_0)
FNDA:1,(anonymous_1)
FNDA:1,(anonymous_2)
FNDA:0,(anonymous_3)
FNDA:1,(anonymous_4)
FNDA:1,(anonymous_5)
FNDA:1,(anonymous_6)
FNDA:1,(anonymous_7)
FNDA:1,(anonymous_8)
FNDA:1,(anonymous_9)
FNDA:1,(anonymous_10)
FNDA:1,(anonymous_11)
FNDA:4,(anonymous_12)
FNDA:2,(anonymous_13)
FNDA:1,(anonymous_14)
FNDA:2,(anonymous_15)
FNDA:4,(anonymous_16)
FNDA:4,(anonymous_17)
FNDA:1,(anonymous_18)
FNDA:1,(anonymous_19)
FNDA:2,(anonymous_20)
DA:6,1
DA:7,1
DA:8,1
DA:10,1
DA:25,1
DA:29,1
DA:31,1
DA:34,1
DA:35,1
DA:36,1
DA:40,1
DA:44,1
DA:50,1
DA:51,1
DA:52,1
DA:53,1
DA:54,1
DA:55,1
DA:56,1
DA:57,1
DA:59,1
DA:60,1
DA:61,1
DA:65,1
DA:68,1
DA:69,1
DA:70,1
DA:78,4
DA:79,1
DA:83,2
DA:84,2
DA:85,2
DA:86,2
DA:87,2
DA:91,1
DA:92,1
DA:96,2
DA:97,2
DA:99,2
DA:100,2
DA:101,2
DA:105,4
DA:106,4
DA:107,4
DA:108,1
DA:112,1
DA:113,1
DA:117,2
DA:118,2
DA:119,2
DA:120,2
LF:51
LH:51
BRDA:44,0,0,1
BRDA:44,0,1,0
BRDA:60,1,0,1
BRDA:60,1,1,0
BRDA:65,2,0,1
BRDA:65,2,1,0
BRDA:70,3,0,1
BRDA:70,3,1,1
BRDA:106,4,0,4
BRDA:106,4,1,3
BRDA:117,5,0,1
BRDA:117,5,1,1
BRF:12
BRH:9
end_of_record
TN:
SF:C:\Users\Tim\Documents\javascript-reservation\src\mainpage\view\tabView.js
FN:4,(anonymous_0)
FN:17,(anonymous_1)
FN:19,(anonymous_2)
FN:20,(anonymous_3)
FN:22,(anonymous_4)
FN:23,(anonymous_5)
FN:29,(anonymous_6)
FN:33,(anonymous_7)
FN:35,(anonymous_8)
FN:44,(anonymous_9)
FN:49,(anonymous_10)
FN:57,(anonymous_11)
FN:59,(anonymous_12)
FN:64,(anonymous_13)
FN:66,(anonymous_14)
FN:71,(anonymous_15)
FN:79,(anonymous_16)
FN:81,(anonymous_17)
FN:88,(anonymous_18)
FN:94,(anonymous_19)
FN:107,(anonymous_20)
FN:110,(anonymous_21)
FN:115,(anonymous_22)
FN:123,(anonymous_23)
FNF:24
FNH:24
FNDA:5,(anonymous_0)
FNDA:5,(anonymous_1)
FNDA:5,(anonymous_2)
FNDA:1,(anonymous_3)
FNDA:5,(anonymous_4)
FNDA:1,(anonymous_5)
FNDA:10,(anonymous_6)
FNDA:5,(anonymous_7)
FNDA:5,(anonymous_8)
FNDA:5,(anonymous_9)
FNDA:6,(anonymous_10)
FNDA:6,(anonymous_11)
FNDA:30,(anonymous_12)
FNDA:6,(anonymous_13)
FNDA:30,(anonymous_14)
FNDA:6,(anonymous_15)
FNDA:6,(anonymous_16)
FNDA:53,(anonymous_17)
FNDA:6,(anonymous_18)
FNDA:7,(anonymous_19)
FNDA:1,(anonymous_20)
FNDA:10,(anonymous_21)
FNDA:5,(anonymous_22)
FNDA:2,(anonymous_23)
DA:5,5
DA:6,5
DA:7,5
DA:8,5
DA:9,5
DA:14,5
DA:18,5
DA:20,5
DA:23,5
DA:29,10
DA:30,5
DA:34,5
DA:36,5
DA:40,5
DA:41,5
DA:45,5
DA:50,6
DA:54,6
DA:58,6
DA:59,30
DA:61,6
DA:65,6
DA:66,30
DA:68,6
DA:72,6
DA:73,6
DA:74,6
DA:76,6
DA:80,6
DA:81,6
DA:82,53
DA:83,53
DA:85,6
DA:89,6
DA:90,6
DA:91,6
DA:95,7
DA:96,7
DA:97,7
DA:98,7
DA:99,27
DA:101,7
DA:103,7
DA:108,1
DA:109,1
DA:110,10
DA:112,1
DA:116,5
DA:117,5
DA:118,5
DA:120,5
DA:124,2
DA:125,2
LF:53
LH:53
BRDA:59,0,0,6
BRDA:59,0,1,24
BRDA:66,1,0,6
BRDA:66,1,1,24
BRDA:73,2,0,6
BRDA:73,2,1,0
BRDA:98,3,0,34
BRDA:98,3,1,28
BRDA:101,4,0,6
BRDA:101,4,1,1
BRDA:109,5,0,1
BRDA:109,5,1,0
BRDA:117,6,0,5
BRDA:117,6,1,0
BRF:14
BRH:11
end_of_record
TN:
SF:C:\Users\Tim\Documents\javascript-reservation\src\reserve\models\ticketModel.js
FN:32,(anonymous_0)
FN:38,(anonymous_1)
FNF:2
FNH:1
FNDA:4,(anonymous_0)
FNDA:0,(anonymous_1)
DA:26,1
DA:30,1
DA:32,4
DA:36,0
DA:38,0
DA:39,0
LF:6
LH:3
BRF:0
BRH:0
end_of_record
TN:
SF:C:\Users\Tim\Documents\javascript-reservation\src\reserve\view\agreementView.js
FN:5,(anonymous_0)
FN:16,(anonymous_1)
FN:18,(anonymous_2)
FN:19,(anonymous_3)
FN:29,(anonymous_4)
FN:33,(anonymous_5)
FN:38,(anonymous_6)
FN:39,(anonymous_7)
FN:43,(anonymous_8)
FN:44,(anonymous_9)
FN:48,(anonymous_10)
FN:49,(anonymous_11)
FN:53,(anonymous_12)
FN:54,(anonymous_13)
FN:60,(anonymous_14)
FN:64,(anonymous_15)
FN:68,(anonymous_16)
FN:76,(anonymous_17)
FNF:18
FNH:14
FNDA:1,(anonymous_0)
FNDA:1,(anonymous_1)
FNDA:1,(anonymous_2)
FNDA:1,(anonymous_3)
FNDA:1,(anonymous_4)
FNDA:0,(anonymous_5)
FNDA:1,(anonymous_6)
FNDA:1,(anonymous_7)
FNDA:1,(anonymous_8)
FNDA:0,(anonymous_9)
FNDA:1,(anonymous_10)
FNDA:0,(anonymous_11)
FNDA:1,(anonymous_12)
FNDA:0,(anonymous_13)
FNDA:6,(anonymous_14)
FNDA:1,(anonymous_15)
FNDA:2,(anonymous_16)
FNDA:2,(anonymous_17)
DA:6,1
DA:7,1
DA:8,1
DA:9,1
DA:10,1
DA:11,1
DA:12,1
DA:13,1
DA:17,1
DA:19,1
DA:20,1
DA:21,1
DA:22,1
DA:23,0
DA:25,1
DA:30,1
DA:34,0
DA:39,1
DA:44,1
DA:49,1
DA:54,1
DA:60,6
DA:61,1
DA:65,1
DA:69,2
DA:70,1
DA:71,1
DA:72,1
DA:77,2
DA:78,1
DA:79,1
DA:80,1
LF:32
LH:30
BRDA:22,0,0,0
BRDA:22,0,1,1
BRDA:69,1,0,1
BRDA:69,1,1,1
BRDA:71,2,0,1
BRDA:71,2,1,0
BRDA:77,3,0,1
BRDA:77,3,1,1
BRDA:79,4,0,1
BRDA:79,4,1,0
BRF:10
BRH:7
end_of_record
TN:
SF:C:\Users\Tim\Documents\javascript-reservation\src\reserve\view\bookingTicketView.js
FN:4,(anonymous_0)
FN:10,(anonymous_1)
FN:12,(anonymous_2)
FN:13,(anonymous_3)
FN:23,(anonymous_4)
FN:27,(anonymous_5)
FN:28,(anonymous_6)
FNF:7
FNH:7
FNDA:1,(anonymous_0)
FNDA:1,(anonymous_1)
FNDA:1,(anonymous_2)
FNDA:1,(anonymous_3)
FNDA:1,(anonymous_4)
FNDA:1,(anonymous_5)
FNDA:4,(anonymous_6)
DA:5,1
DA:6,1
DA:7,1
DA:11,1
DA:13,1
DA:14,1
DA:15,1
DA:23,1
DA:24,1
DA:28,1
DA:29,4
DA:30,4
DA:31,4
DA:32,4
DA:33,4
DA:34,4
DA:36,1
LF:17
LH:17
BRDA:15,0,0,1
BRDA:15,0,1,1
BRDA:31,1,0,3
BRDA:31,1,1,1
BRDA:32,2,0,3
BRDA:32,2,1,1
BRDA:33,3,0,3
BRDA:33,3,1,1
BRF:8
BRH:8
end_of_record
TN:
SF:C:\Users\Tim\Documents\javascript-reservation\src\reserve\view\reserveButtonView.js
FN:4,(anonymous_0)
FN:8,(anonymous_1)
FN:13,(anonymous_2)
FNF:3
FNH:3
FNDA:1,(anonymous_0)
FNDA:1,(anonymous_1)
FNDA:1,(anonymous_2)
DA:5,1
DA:9,1
DA:14,1
LF:3
LH:3
BRF:0
BRH:0
end_of_record
TN:
SF:C:\Users\Tim\Documents\javascript-reservation\src\shared\View.js
FN:2,(anonymous_0)
FN:8,(anonymous_1)
FN:12,(anonymous_2)
FN:16,(anonymous_3)
FN:21,(anonymous_4)
FN:22,(anonymous_5)
FN:30,(anonymous_6)
FN:38,(anonymous_7)
FN:40,(anonymous_8)
FNF:9
FNH:9
FNDA:9,(anonymous_0)
FNDA:26,(anonymous_1)
FNDA:20,(anonymous_2)
FNDA:23,(anonymous_3)
FNDA:13,(anonymous_4)
FNDA:8,(anonymous_5)
FNDA:6,(anonymous_6)
FNDA:57,(anonymous_7)
FNDA:346,(anonymous_8)
DA:3,9
DA:4,9
DA:5,9
DA:9,26
DA:13,20
DA:17,23
DA:18,23
DA:22,13
DA:23,8
DA:24,8
DA:26,13
DA:27,13
DA:31,6
DA:34,6
DA:35,6
DA:39,57
DA:40,346
LF:17
LH:17
BRDA:3,0,0,0
BRDA:3,0,1,9
BRDA:24,1,0,8
BRDA:24,1,1,5
BRDA:40,2,0,346
BRDA:40,2,1,0
BRF:6
BRH:4
end_of_record
